<?xml version="1.0" encoding="UTF-8"?>
<!-- Generated by org.testng.reporters.JUnitReportReporter -->
<testsuite hostname="DESKTOP-4EV49HN" failures="0" tests="2" name="nmsTestcases.NmsLoginTestcase" time="1.521" errors="0" timestamp="2024-12-11T15:02:50 IST" skipped="0">
  <testcase classname="nmsTestcases.NmsLoginTestcase" name="authentication" time="0.399"/>
  <testcase classname="nmsTestcases.NmsLoginTestcase" name="authentication" time="1.122"/>
</testsuite> <!-- nmsTestcases.NmsLoginTestcase -->
