<?xml version="1.0" encoding="UTF-8"?>
<!-- Generated by org.testng.reporters.JUnitReportReporter -->
<testsuite hostname="DESKTOP-4EV49HN" failures="0" tests="7" name="nmsTestcases.NmsCreateProjectTestcase" time="89.492" errors="0" timestamp="2024-12-11T15:02:50 IST" skipped="0">
  <testcase classname="nmsTestcases.NmsCreateProjectTestcase" name="createProject" time="14.303"/>
  <testcase classname="nmsTestcases.NmsCreateProjectTestcase" name="createProject" time="14.007"/>
  <testcase classname="nmsTestcases.NmsCreateProjectTestcase" name="createProject" time="14.419"/>
  <testcase classname="nmsTestcases.NmsCreateProjectTestcase" name="createProject" time="4.027"/>
  <testcase classname="nmsTestcases.NmsCreateProjectTestcase" name="createProject" time="14.406"/>
  <testcase classname="nmsTestcases.NmsCreateProjectTestcase" name="createProject" time="14.323"/>
  <testcase classname="nmsTestcases.NmsCreateProjectTestcase" name="createProject" time="14.007"/>
</testsuite> <!-- nmsTestcases.NmsCreateProjectTestcase -->
